0 info it worked if it ends with ok
1 verbose cli [ 'C:\\Program Files (x86)\\nodejs\\\\node.exe',
1 verbose cli   'C:\\Program Files (x86)\\nodejs\\node_modules\\npm\\bin\\npm-cli.js',
1 verbose cli   'install',
1 verbose cli   '--save',
1 verbose cli   'ngmessages' ]
2 info using npm@2.11.3
3 info using node@v0.12.7
4 verbose install initial load of C:\Users\gbever\Desktop\forum\forum-app\package.json
5 verbose installManyTop reading scoped package data from C:\Users\gbever\Desktop\forum\forum-app\node_modules\body-parser\package.json
6 verbose installManyTop reading scoped package data from C:\Users\gbever\Desktop\forum\forum-app\node_modules\cookie-parser\package.json
7 verbose installManyTop reading scoped package data from C:\Users\gbever\Desktop\forum\forum-app\node_modules\debug\package.json
8 verbose installManyTop reading scoped package data from C:\Users\gbever\Desktop\forum\forum-app\node_modules\ejs\package.json
9 verbose installManyTop reading scoped package data from C:\Users\gbever\Desktop\forum\forum-app\node_modules\express\package.json
10 verbose installManyTop reading scoped package data from C:\Users\gbever\Desktop\forum\forum-app\node_modules\morgan\package.json
11 verbose installManyTop reading scoped package data from C:\Users\gbever\Desktop\forum\forum-app\node_modules\serve-favicon\package.json
12 verbose readDependencies loading dependencies from C:\Users\gbever\Desktop\forum\forum-app\package.json
13 silly cache add args [ 'ngmessages', null ]
14 verbose cache add spec ngmessages
15 silly cache add parsed spec { raw: 'ngmessages',
15 silly cache add   scope: null,
15 silly cache add   name: 'ngmessages',
15 silly cache add   rawSpec: '',
15 silly cache add   spec: '*',
15 silly cache add   type: 'range' }
16 silly addNamed ngmessages@*
17 verbose addNamed "*" is a valid semver range for ngmessages
18 silly addNameRange { name: 'ngmessages', range: '*', hasData: false }
19 silly mapToRegistry name ngmessages
20 silly mapToRegistry using default registry
21 silly mapToRegistry registry https://registry.npmjs.org/
22 silly mapToRegistry uri https://registry.npmjs.org/ngmessages
23 verbose addNameRange registry:https://registry.npmjs.org/ngmessages not in flight; fetching
24 verbose request uri https://registry.npmjs.org/ngmessages
25 verbose request no auth needed
26 info attempt registry request try #1 at 12:35:27 PM
27 verbose request id 35e06589c141ec1d
28 http request GET https://registry.npmjs.org/ngmessages
29 http 404 https://registry.npmjs.org/ngmessages
30 verbose headers { 'content-type': 'application/json',
30 verbose headers   'cache-control': 'max-age=0',
30 verbose headers   'content-length': '2',
30 verbose headers   'accept-ranges': 'bytes',
30 verbose headers   date: 'Tue, 08 Dec 2015 20:35:27 GMT',
30 verbose headers   via: '1.1 varnish',
30 verbose headers   age: '0',
30 verbose headers   connection: 'keep-alive',
30 verbose headers   'x-served-by': 'cache-sjc3128-SJC',
30 verbose headers   'x-cache': 'MISS',
30 verbose headers   'x-cache-hits': '0',
30 verbose headers   'x-timer': 'S1449606927.194443,VS0,VE41' }
31 silly get cb [ 404,
31 silly get   { 'content-type': 'application/json',
31 silly get     'cache-control': 'max-age=0',
31 silly get     'content-length': '2',
31 silly get     'accept-ranges': 'bytes',
31 silly get     date: 'Tue, 08 Dec 2015 20:35:27 GMT',
31 silly get     via: '1.1 varnish',
31 silly get     age: '0',
31 silly get     connection: 'keep-alive',
31 silly get     'x-served-by': 'cache-sjc3128-SJC',
31 silly get     'x-cache': 'MISS',
31 silly get     'x-cache-hits': '0',
31 silly get     'x-timer': 'S1449606927.194443,VS0,VE41' } ]
32 verbose stack Error: Registry returned 404 for GET on https://registry.npmjs.org/ngmessages
32 verbose stack     at CachingRegistryClient.<anonymous> (C:\Program Files (x86)\nodejs\node_modules\npm\node_modules\npm-registry-client\lib\request.js:239:14)
32 verbose stack     at Request._callback (C:\Program Files (x86)\nodejs\node_modules\npm\node_modules\npm-registry-client\lib\request.js:170:14)
32 verbose stack     at Request.self.callback (C:\Program Files (x86)\nodejs\node_modules\npm\node_modules\request\request.js:354:22)
32 verbose stack     at Request.emit (events.js:110:17)
32 verbose stack     at Request.<anonymous> (C:\Program Files (x86)\nodejs\node_modules\npm\node_modules\request\request.js:1207:14)
32 verbose stack     at Request.emit (events.js:129:20)
32 verbose stack     at IncomingMessage.<anonymous> (C:\Program Files (x86)\nodejs\node_modules\npm\node_modules\request\request.js:1153:12)
32 verbose stack     at IncomingMessage.emit (events.js:129:20)
32 verbose stack     at _stream_readable.js:908:16
32 verbose stack     at process._tickCallback (node.js:355:11)
33 verbose statusCode 404
34 verbose pkgid ngmessages
35 verbose cwd C:\Users\gbever\Desktop\forum\forum-app
36 error Windows_NT 6.1.7601
37 error argv "C:\\Program Files (x86)\\nodejs\\\\node.exe" "C:\\Program Files (x86)\\nodejs\\node_modules\\npm\\bin\\npm-cli.js" "install" "--save" "ngmessages"
38 error node v0.12.7
39 error npm  v2.11.3
40 error code E404
41 error 404 Registry returned 404 for GET on https://registry.npmjs.org/ngmessages
41 error 404
41 error 404 'ngmessages' is not in the npm registry.
41 error 404 You should bug the author to publish it (or use the name yourself!)
41 error 404 It was specified as a dependency of 'forum-app'
41 error 404
41 error 404 Note that you can also install from a
41 error 404 tarball, folder, http url, or git url.
42 verbose exit [ 1, true ]
